<?xml version="1.0" encoding="UTF-8"?>
<!-- Generated by org.testng.reporters.JUnitReportReporter -->
<testsuite hostname="RPIPL-NB-DL069" name="testScripts.properties.appendResults" tests="1" failures="0" timestamp="2 Jan 2020 18:25:18 GMT" time="0.000" errors="1">
  <testcase name="OtherClassFailedTest" time="0.000" classname="testScripts.properties.appendResults">
    <error type="org.openqa.selenium.SessionNotCreatedException" message="session not created: This version of ChromeDriver only supports Chrome version 77
Build info: version: &#039;3.6.0&#039;, revision: &#039;6fbf3ec767&#039;, time: &#039;2017-09-27T16:15:26.402Z&#039;
System info: host: &#039;RPIPL-NB-DL069&#039;, ip: &#039;10.13.115.91&#039;, os.name: &#039;Windows 10&#039;, os.arch: &#039;amd64&#039;, os.version: &#039;10.0&#039;, java.version: &#039;1.8.0_231&#039;
Driver info: driver.version: ChromeDriver
remote stacktrace: Backtrace:
	Ordinal0 [0x00CAEB13+1501971]
	Ordinal0 [0x00C2F6D1+980689]
	Ordinal0 [0x00BB765F+489055]
	Ordinal0 [0x00B4F2F4+62196]
	Ordinal0 [0x00B4BCDA+48346]
	Ordinal0 [0x00B69800+169984]
	Ordinal0 [0x00B6942D+169005]
	Ordinal0 [0x00B678EB+162027]
	Ordinal0 [0x00B50AC7+68295]
	Ordinal0 [0x00B51B40+72512]
	Ordinal0 [0x00B51AD9+72409]
	Ordinal0 [0x00C48F37+1085239]
	GetHandleVerifier [0x00D4D7ED+503293]
	GetHandleVerifier [0x00D4D580+502672]
	GetHandleVerifier [0x00D546AC+531644]
	GetHandleVerifier [0x00D4DFFA+505354]
	Ordinal0 [0x00C40606+1050118]
	Ordinal0 [0x00C4047F+1049727]
	Ordinal0 [0x00C4AF9B+1093531]
	Ordinal0 [0x00C4B103+1093891]
	Ordinal0 [0x00C4A095+1089685]
	BaseThreadInitThunk [0x754D6359+25]
	RtlGetAppContainerNamedObjectPath [0x778B7B74+228]
	RtlGetAppContainerNamedObjectPath [0x778B7B44+180]
">
      <![CDATA[org.openqa.selenium.SessionNotCreatedException: session not created: This version of ChromeDriver only supports Chrome version 77
Build info: version: '3.6.0', revision: '6fbf3ec767', time: '2017-09-27T16:15:26.402Z'
System info: host: 'RPIPL-NB-DL069', ip: '10.13.115.91', os.name: 'Windows 10', os.arch: 'amd64', os.version: '10.0', java.version: '1.8.0_231'
Driver info: driver.version: ChromeDriver
remote stacktrace: Backtrace:
	Ordinal0 [0x00CAEB13+1501971]
	Ordinal0 [0x00C2F6D1+980689]
	Ordinal0 [0x00BB765F+489055]
	Ordinal0 [0x00B4F2F4+62196]
	Ordinal0 [0x00B4BCDA+48346]
	Ordinal0 [0x00B69800+169984]
	Ordinal0 [0x00B6942D+169005]
	Ordinal0 [0x00B678EB+162027]
	Ordinal0 [0x00B50AC7+68295]
	Ordinal0 [0x00B51B40+72512]
	Ordinal0 [0x00B51AD9+72409]
	Ordinal0 [0x00C48F37+1085239]
	GetHandleVerifier [0x00D4D7ED+503293]
	GetHandleVerifier [0x00D4D580+502672]
	GetHandleVerifier [0x00D546AC+531644]
	GetHandleVerifier [0x00D4DFFA+505354]
	Ordinal0 [0x00C40606+1050118]
	Ordinal0 [0x00C4047F+1049727]
	Ordinal0 [0x00C4AF9B+1093531]
	Ordinal0 [0x00C4B103+1093891]
	Ordinal0 [0x00C4A095+1089685]
	BaseThreadInitThunk [0x754D6359+25]
	RtlGetAppContainerNamedObjectPath [0x778B7B74+228]
	RtlGetAppContainerNamedObjectPath [0x778B7B44+180]

	at sun.reflect.NativeConstructorAccessorImpl.newInstance0(Native Method)
	at sun.reflect.NativeConstructorAccessorImpl.newInstance(Unknown Source)
	at sun.reflect.DelegatingConstructorAccessorImpl.newInstance(Unknown Source)
	at java.lang.reflect.Constructor.newInstance(Unknown Source)
	at org.openqa.selenium.remote.W3CHandshakeResponse.lambda$new$0(W3CHandshakeResponse.java:57)
	at org.openqa.selenium.remote.W3CHandshakeResponse.lambda$getResponseFunction$2(W3CHandshakeResponse.java:104)
	at org.openqa.selenium.remote.ProtocolHandshake.lambda$createSession$24(ProtocolHandshake.java:359)
	at java.util.stream.ReferencePipeline$3$1.accept(Unknown Source)
	at java.util.Spliterators$ArraySpliterator.tryAdvance(Unknown Source)
	at java.util.stream.ReferencePipeline.forEachWithCancel(Unknown Source)
	at java.util.stream.AbstractPipeline.copyIntoWithCancel(Unknown Source)
	at java.util.stream.AbstractPipeline.copyInto(Unknown Source)
	at java.util.stream.AbstractPipeline.wrapAndCopyInto(Unknown Source)
	at java.util.stream.FindOps$FindOp.evaluateSequential(Unknown Source)
	at java.util.stream.AbstractPipeline.evaluate(Unknown Source)
	at java.util.stream.ReferencePipeline.findFirst(Unknown Source)
	at org.openqa.selenium.remote.ProtocolHandshake.createSession(ProtocolHandshake.java:362)
	at org.openqa.selenium.remote.ProtocolHandshake.createSession(ProtocolHandshake.java:136)
	at org.openqa.selenium.remote.HttpCommandExecutor.execute(HttpCommandExecutor.java:142)
	at org.openqa.selenium.remote.service.DriverCommandExecutor.execute(DriverCommandExecutor.java:83)
	at org.openqa.selenium.remote.RemoteWebDriver.execute(RemoteWebDriver.java:586)
	at org.openqa.selenium.remote.RemoteWebDriver.startSession(RemoteWebDriver.java:217)
	at org.openqa.selenium.remote.RemoteWebDriver.<init>(RemoteWebDriver.java:140)
	at org.openqa.selenium.chrome.ChromeDriver.<init>(ChromeDriver.java:181)
	at org.openqa.selenium.chrome.ChromeDriver.<init>(ChromeDriver.java:168)
	at org.openqa.selenium.chrome.ChromeDriver.<init>(ChromeDriver.java:123)
	at testScripts.loginTest.loginPW(loginTest.java:13)
	at sun.reflect.NativeMethodAccessorImpl.invoke0(Native Method)
	at sun.reflect.NativeMethodAccessorImpl.invoke(Unknown Source)
	at sun.reflect.DelegatingMethodAccessorImpl.invoke(Unknown Source)
	at java.lang.reflect.Method.invoke(Unknown Source)
	at org.testng.internal.MethodInvocationHelper.invokeMethod(MethodInvocationHelper.java:86)
	at org.testng.internal.Invoker.invokeConfigurationMethod(Invoker.java:514)
	at org.testng.internal.Invoker.invokeConfigurations(Invoker.java:215)
	at org.testng.internal.Invoker.invokeConfigurations(Invoker.java:142)
	at org.testng.SuiteRunner.privateRun(SuiteRunner.java:305)
	at org.testng.SuiteRunner.run(SuiteRunner.java:268)
	at org.testng.SuiteRunnerWorker.runSuite(SuiteRunnerWorker.java:52)
	at org.testng.SuiteRunnerWorker.run(SuiteRunnerWorker.java:86)
	at org.testng.TestNG.runSuitesSequentially(TestNG.java:1244)
	at org.testng.TestNG.runSuitesLocally(TestNG.java:1169)
	at org.testng.TestNG.run(TestNG.java:1064)
	at org.testng.remote.RemoteTestNG.run(RemoteTestNG.java:113)
	at org.testng.remote.RemoteTestNG.initAndRun(RemoteTestNG.java:206)
	at org.testng.remote.RemoteTestNG.main(RemoteTestNG.java:177)
]]>
    </error>
  </testcase> <!-- OtherClassFailedTest -->
</testsuite> <!-- testScripts.properties.appendResults -->
